Started at Tue Apr 06 23:19:48 UTC 2021
Processing 1st Jenkins Job - Hello World
Offering 1st Jenkins Job - Hello World to Project Build Discarder
Processing 2nd Jenkins Job - Shell Variables
Offering 2nd Jenkins Job - Shell Variables to Project Build Discarder
Processing 3rd Jenkins Job - Loops
Offering 3rd Jenkins Job - Loops to Project Build Discarder
Processing 4th Jenkins Job - Run script with parameters
Offering 4th Jenkins Job - Run script with parameters to Project Build Discarder
Processing 5th Jenkins Job - Build failed notification ( Email )
Offering 5th Jenkins Job - Build failed notification ( Email ) to Project Build Discarder
Processing 6th Jenkins Job - Build failed notification ( Slack )
Offering 6th Jenkins Job - Build failed notification ( Slack ) to Project Build Discarder
Finished at Tue Apr 06 23:19:48 UTC 2021. 41ms
Started at Wed Apr 07 00:19:48 UTC 2021
Processing 1st Jenkins Job - Hello World
Offering 1st Jenkins Job - Hello World to Project Build Discarder
Processing 2nd Jenkins Job - Shell Variables
Offering 2nd Jenkins Job - Shell Variables to Project Build Discarder
Processing 3rd Jenkins Job - Loops
Offering 3rd Jenkins Job - Loops to Project Build Discarder
Processing 4th Jenkins Job - Run script with parameters
Offering 4th Jenkins Job - Run script with parameters to Project Build Discarder
Processing 5th Jenkins Job - Build failed notification ( Email )
Offering 5th Jenkins Job - Build failed notification ( Email ) to Project Build Discarder
Processing 6th Jenkins Job - Build failed notification ( Slack )
Offering 6th Jenkins Job - Build failed notification ( Slack ) to Project Build Discarder
Finished at Wed Apr 07 00:19:48 UTC 2021. 2ms
Started at Wed Apr 07 01:19:48 UTC 2021
Processing 1st Jenkins Job - Hello World
Offering 1st Jenkins Job - Hello World to Project Build Discarder
Processing 2nd Jenkins Job - Shell Variables
Offering 2nd Jenkins Job - Shell Variables to Project Build Discarder
Processing 3rd Jenkins Job - Loops
Offering 3rd Jenkins Job - Loops to Project Build Discarder
Processing 4th Jenkins Job - Run script with parameters
Offering 4th Jenkins Job - Run script with parameters to Project Build Discarder
Processing 5th Jenkins Job - Build failed notification ( Email )
Offering 5th Jenkins Job - Build failed notification ( Email ) to Project Build Discarder
Processing 6th Jenkins Job - Build failed notification ( Slack )
Offering 6th Jenkins Job - Build failed notification ( Slack ) to Project Build Discarder
Finished at Wed Apr 07 01:19:48 UTC 2021. 8ms
Started at Wed Apr 07 02:19:48 UTC 2021
Processing 1st Jenkins Job - Hello World
Offering 1st Jenkins Job - Hello World to Project Build Discarder
Processing 2nd Jenkins Job - Shell Variables
Offering 2nd Jenkins Job - Shell Variables to Project Build Discarder
Processing 3rd Jenkins Job - Loops
Offering 3rd Jenkins Job - Loops to Project Build Discarder
Processing 4th Jenkins Job - Run script with parameters
Offering 4th Jenkins Job - Run script with parameters to Project Build Discarder
Processing 5th Jenkins Job - Build failed notification ( Email )
Offering 5th Jenkins Job - Build failed notification ( Email ) to Project Build Discarder
Processing 6th Jenkins Job - Build failed notification ( Slack )
Offering 6th Jenkins Job - Build failed notification ( Slack ) to Project Build Discarder
Finished at Wed Apr 07 02:19:48 UTC 2021. 3ms
